0 info it worked if it ends with ok
1 verbose cli [ '/home/vagrant/.nvm/versions/node/v6.2.2/bin/node',
1 verbose cli   '/home/vagrant/.nvm/versions/node/v6.2.2/bin/npm',
1 verbose cli   'install',
1 verbose cli   'fsevents' ]
2 info using npm@3.10.7
3 info using node@v6.2.2
4 silly loadCurrentTree Starting
5 silly install loadCurrentTree
6 silly install readLocalPackageData
7 silly fetchPackageMetaData fsevents
8 silly fetchNamedPackageData fsevents
9 silly mapToRegistry name fsevents
10 silly mapToRegistry using default registry
11 silly mapToRegistry registry https://registry.npmjs.org/
12 silly mapToRegistry data Result {
12 silly mapToRegistry   raw: 'fsevents',
12 silly mapToRegistry   scope: null,
12 silly mapToRegistry   escapedName: 'fsevents',
12 silly mapToRegistry   name: 'fsevents',
12 silly mapToRegistry   rawSpec: '',
12 silly mapToRegistry   spec: 'latest',
12 silly mapToRegistry   type: 'tag' }
13 silly mapToRegistry uri https://registry.npmjs.org/fsevents
14 verbose request uri https://registry.npmjs.org/fsevents
15 verbose request no auth needed
16 info attempt registry request try #1 at 5:29:10 AM
17 verbose request id ec3badd7a7bb970f
18 http request GET https://registry.npmjs.org/fsevents
19 http 200 https://registry.npmjs.org/fsevents
20 verbose headers { server: 'nginx/1.10.1',
20 verbose headers   'content-type': 'application/json',
20 verbose headers   'last-modified': 'Fri, 17 Mar 2017 13:17:09 GMT',
20 verbose headers   etag: 'W/"58cbe1d5-d5e6"',
20 verbose headers   'content-encoding': 'gzip',
20 verbose headers   'cache-control': 'max-age=300',
20 verbose headers   'content-length': '6671',
20 verbose headers   'accept-ranges': 'bytes',
20 verbose headers   date: 'Mon, 01 May 2017 05:29:10 GMT',
20 verbose headers   via: '1.1 varnish',
20 verbose headers   age: '110',
20 verbose headers   connection: 'keep-alive',
20 verbose headers   'x-served-by': 'cache-dfw1845-DFW',
20 verbose headers   'x-cache': 'HIT',
20 verbose headers   'x-cache-hits': '1',
20 verbose headers   'x-timer': 'S1493616551.912956,VS0,VE0',
20 verbose headers   vary: 'Accept-Encoding' }
21 silly get cb [ 200,
21 silly get   { server: 'nginx/1.10.1',
21 silly get     'content-type': 'application/json',
21 silly get     'last-modified': 'Fri, 17 Mar 2017 13:17:09 GMT',
21 silly get     etag: 'W/"58cbe1d5-d5e6"',
21 silly get     'content-encoding': 'gzip',
21 silly get     'cache-control': 'max-age=300',
21 silly get     'content-length': '6671',
21 silly get     'accept-ranges': 'bytes',
21 silly get     date: 'Mon, 01 May 2017 05:29:10 GMT',
21 silly get     via: '1.1 varnish',
21 silly get     age: '110',
21 silly get     connection: 'keep-alive',
21 silly get     'x-served-by': 'cache-dfw1845-DFW',
21 silly get     'x-cache': 'HIT',
21 silly get     'x-cache-hits': '1',
21 silly get     'x-timer': 'S1493616551.912956,VS0,VE0',
21 silly get     vary: 'Accept-Encoding' } ]
22 verbose get saving fsevents to /home/vagrant/.npm/registry.npmjs.org/fsevents/.cache.json
23 verbose correctMkdir /home/vagrant/.npm correctMkdir not in flight; initializing
24 silly install normalizeTree
25 silly loadCurrentTree Finishing
26 silly loadIdealTree Starting
27 silly install loadIdealTree
28 silly cloneCurrentTree Starting
29 silly install cloneCurrentTreeToIdealTree
30 silly cloneCurrentTree Finishing
31 silly loadShrinkwrap Starting
32 silly install loadShrinkwrap
33 silly loadShrinkwrap Finishing
34 silly loadAllDepsIntoIdealTree Starting
35 silly install loadAllDepsIntoIdealTree
36 silly rollbackFailedOptional Starting
37 silly rollbackFailedOptional Finishing
38 silly runTopLevelLifecycles Finishing
39 silly install printInstalled
40 verbose stack Error: Unsupported platform for fsevents@1.1.1: wanted {"name":"fsevents","version":"1.1.1","description":"Native Access to Mac OS-X FSEvents","main":"fsevents.js","dependencies":{"nan":"^2.3.0","node-pre-gyp":"^0.6.29"},"os":["darwin"],"engines":{"node":">=0.8.0"},"scripts":{"install":"node install","prepublish":"if [ $(npm -v | head -c 1) -lt 3 ]; then exit 1; fi && npm dedupe","test":"tap ./test"},"binary":{"module_name":"fse","module_path":"./lib/binding/{configuration}/{node_abi}-{platform}-{arch}/","remote_path":"./v{version}/","package_name":"{module_name}-v{version}-{node_abi}-{platform}-{arch}.tar.gz","host":"https://fsevents-binaries.s3-us-west-2.amazonaws.com"},"repository":{"type":"git","url":"git+https://github.com/strongloop/fsevents.git"},"keywords":["fsevents","mac"],"author":{"name":"Philipp Dunkel","email":"pip@pipobscure.com"},"license":"MIT","bugs":{"url":"https://github.com/strongloop/fsevents/issues"},"homepage":"https://github.com/strongloop/fsevents","devDependencies":{"tap":"~0.4.8"},"gitHead":"907595cbd109bda2447bb52965836ff1296e94eb","bundleDependencies":["node-pre-gyp"],"_id":"fsevents@1.1.1","_shasum":"f19fd28f43eeaf761680e519a203c4d0b3d31aff","_from":"fsevents","_npmVersion":"3.10.9","_nodeVersion":"6.9.2","_npmUser":{"name":"es128","email":"elan.shanker+npm@gmail.com"},"dist":{"shasum":"f19fd28f43eeaf761680e519a203c4d0b3d31aff","tarball":"https://registry.npmjs.org/fsevents/-/fsevents-1.1.1.tgz"},"maintainers":[{"name":"es128","email":"elan.shanker+npm@gmail.com"}],"_npmOperationalInternal":{"host":"packages-18-east.internal.npmjs.com","tmp":"tmp/fsevents-1.1.1.tgz_1487567885240_0.4353332635946572"},"directories":{},"_resolved":"https://registry.npmjs.org/fsevents/-/fsevents-1.1.1.tgz","_requested":{"raw":"fsevents","scope":null,"escapedName":"fsevents","name":"fsevents","rawSpec":"","spec":"latest","type":"tag"},"_spec":"fsevents","_where":"/vagrant","_args":[[{"raw":"fsevents","scope":null,"escapedName":"fsevents","name":"fsevents","rawSpec":"","spec":"latest","type":"tag"},"/vagrant"]],"readme":"ERROR: No README data found!"} (current: {"os":"linux","cpu":"x64"})
40 verbose stack     at checkPlatform (/home/vagrant/.nvm/versions/node/v6.2.2/lib/node_modules/npm/node_modules/npm-install-checks/index.js:45:14)
40 verbose stack     at thenWarnEngineIssues (/home/vagrant/.nvm/versions/node/v6.2.2/lib/node_modules/npm/lib/install/validate-args.js:41:5)
40 verbose stack     at /home/vagrant/.nvm/versions/node/v6.2.2/lib/node_modules/npm/node_modules/iferr/index.js:13:50
40 verbose stack     at checkEngine (/home/vagrant/.nvm/versions/node/v6.2.2/lib/node_modules/npm/node_modules/npm-install-checks/index.js:24:10)
40 verbose stack     at module.exports.isInstallable (/home/vagrant/.nvm/versions/node/v6.2.2/lib/node_modules/npm/lib/install/validate-args.js:38:3)
40 verbose stack     at Array.<anonymous> (/home/vagrant/.nvm/versions/node/v6.2.2/lib/node_modules/npm/node_modules/slide/lib/bind-actor.js:15:8)
40 verbose stack     at LOOP (/home/vagrant/.nvm/versions/node/v6.2.2/lib/node_modules/npm/node_modules/slide/lib/chain.js:15:14)
40 verbose stack     at /home/vagrant/.nvm/versions/node/v6.2.2/lib/node_modules/npm/node_modules/slide/lib/chain.js:18:7
40 verbose stack     at checkSelf (/home/vagrant/.nvm/versions/node/v6.2.2/lib/node_modules/npm/lib/install/validate-args.js:46:72)
40 verbose stack     at Array.<anonymous> (/home/vagrant/.nvm/versions/node/v6.2.2/lib/node_modules/npm/node_modules/slide/lib/bind-actor.js:15:8)
41 verbose pkgid fsevents@1.1.1
42 verbose cwd /vagrant
43 error Linux 3.13.0-98-generic
44 error argv "/home/vagrant/.nvm/versions/node/v6.2.2/bin/node" "/home/vagrant/.nvm/versions/node/v6.2.2/bin/npm" "install" "fsevents"
45 error node v6.2.2
46 error npm  v3.10.7
47 error code EBADPLATFORM
48 error notsup Not compatible with your operating system or architecture: fsevents@1.1.1
49 error notsup Valid OS:    darwin
49 error notsup Valid Arch:  any
49 error notsup Actual OS:   linux
49 error notsup Actual Arch: x64
50 verbose exit [ 1, true ]
